2025-12-27 00:34:32,695 - INFO - Ingesting purchases.csv in db
2025-12-27 00:34:44,392 - INFO - Ingesting purchase_prices.csv in db
2025-12-27 00:34:44,436 - INFO - Ingesting vendor_invoice.csv in db
2025-12-27 00:34:44,548 - INFO - Ingesting begin_inventory.csv in db
2025-12-27 00:34:45,236 - INFO - Ingesting end_inventory.csv in db
2025-12-27 00:34:52,790 - INFO - Ingesting sales.csv in db
2025-12-27 00:36:19,205 - INFO - Ingestion Completeed Successfully
2025-12-27 00:36:19,231 - INFO - 
Total time taken: 1.8024387955665588 minutes
2025-12-28 16:02:12,615 - INFO - Ingesting purchases.csv in db
2025-12-28 16:02:18,201 - INFO - Creating Vendor Summary Table...
2025-12-28 16:02:18,202 - INFO - Vendor summary created in 0.0 seconds
2025-12-28 16:02:18,202 - INFO - Empty DataFrame
Columns: [VendorNumber, VendorName, Brand, Description, PurchasePrice, ActualPrice, Volume, TotalPurchaseQuantity, TotalPurchaseDollars, TotalSalesQuantity, TotalSalesDollars, TotalSalesPrice, TotalExciseTax, FreightCost]
Index: []
2025-12-28 16:02:18,202 - INFO - Cleaning Data...
2025-12-28 16:02:18,203 - INFO - Empty DataFrame
Columns: [VendorNumber, VendorName, Brand, Description, PurchasePrice, ActualPrice, Volume, TotalPurchaseQuantity, TotalPurchaseDollars, TotalSalesQuantity, TotalSalesDollars, TotalSalesPrice, TotalExciseTax, FreightCost, GrossProfit, ProfitMargin, StockTurnover, SalesToPurchaseRatio]
Index: []
2025-12-28 16:02:18,203 - INFO - Ingesting data...
2025-12-28 16:02:18,205 - INFO - Completed successfully
2025-12-28 16:02:41,556 - INFO - Creating Vendor Summary Table...
2025-12-28 16:02:41,557 - INFO - Vendor summary created in 0.0 seconds
2025-12-28 16:02:41,557 - INFO - Empty DataFrame
Columns: [VendorNumber, VendorName, Brand, Description, PurchasePrice, ActualPrice, Volume, TotalPurchaseQuantity, TotalPurchaseDollars, TotalSalesQuantity, TotalSalesDollars, TotalSalesPrice, TotalExciseTax, FreightCost]
Index: []
2025-12-28 16:02:41,557 - INFO - Cleaning Data...
2025-12-28 16:02:41,558 - INFO - Empty DataFrame
Columns: [VendorNumber, VendorName, Brand, Description, PurchasePrice, ActualPrice, Volume, TotalPurchaseQuantity, TotalPurchaseDollars, TotalSalesQuantity, TotalSalesDollars, TotalSalesPrice, TotalExciseTax, FreightCost, GrossProfit, ProfitMargin, StockTurnover, SalesToPurchaseRatio]
Index: []
2025-12-28 16:02:41,558 - INFO - Ingesting data...
2025-12-28 16:02:41,559 - INFO - Completed successfully
2025-12-28 16:55:52,768 - INFO - Creating Vendor Summary Table...
2025-12-28 16:55:52,770 - INFO - Vendor summary created in 0.0 seconds
2025-12-28 16:55:52,770 - INFO - Empty DataFrame
Columns: [VendorNumber, VendorName, Brand, Description, PurchasePrice, ActualPrice, Volume, TotalPurchaseQuantity, TotalPurchaseDollars, TotalSalesQuantity, TotalSalesDollars, TotalSalesPrice, TotalExciseTax, FreightCost]
Index: []
2025-12-28 16:55:52,770 - INFO - Cleaning Data...
2025-12-28 16:55:52,771 - INFO - Empty DataFrame
Columns: [VendorNumber, VendorName, Brand, Description, PurchasePrice, ActualPrice, Volume, TotalPurchaseQuantity, TotalPurchaseDollars, TotalSalesQuantity, TotalSalesDollars, TotalSalesPrice, TotalExciseTax, FreightCost, GrossProfit, ProfitMargin, StockTurnover, SalesToPurchaseRatio]
Index: []
2025-12-28 16:55:52,771 - INFO - Ingesting data...
2025-12-28 16:55:52,772 - INFO - Completed successfully
2025-12-28 16:59:41,819 - INFO - Ingesting purchases.csv in db
2025-12-28 16:59:54,050 - INFO - Ingesting purchase_prices.csv in db
2025-12-28 16:59:54,099 - INFO - Ingesting vendor_invoice.csv in db
2025-12-28 16:59:54,216 - INFO - Ingesting begin_inventory.csv in db
2025-12-28 16:59:54,968 - INFO - Ingesting end_inventory.csv in db
2025-12-28 17:00:02,715 - INFO - Ingesting sales.csv in db
2025-12-28 17:01:32,676 - INFO - Ingestion Completeed Successfully
2025-12-28 17:01:32,686 - INFO - 
Total time taken: 1.8763702313105266 minutes
2025-12-28 17:18:39,037 - INFO - Creating Vendor Summary Table...
2025-12-28 17:18:47,048 - INFO - Vendor summary created in 8.01 seconds
2025-12-28 17:18:47,049 - INFO -    VendorNumber                   VendorName  Brand              Description  \
0          1128  BROWN-FORMAN CORP             1233  Jack Daniels No 7 Black   
1          4425        MARTIGNETTI COMPANIES   3405    Tito's Handmade Vodka   
2         17035  PERNOD RICARD USA             8068         Absolut 80 Proof   
3          3960  DIAGEO NORTH AMERICA INC      4261   Capt Morgan Spiced Rum   
4          3960  DIAGEO NORTH AMERICA INC      3545          Ketel One Vodka   

   PurchasePrice  ActualPrice Volume  TotalPurchaseQuantity  \
0          26.27        36.99   1750                 145080   
1          23.19        28.99   1750                 164038   
2          18.24        24.99   1750                 187407   
3          16.17        22.99   1750                 201682   
4          21.89        29.99   1750                 138109   

   TotalPurchaseDollars  TotalSalesQuantity  TotalSalesDollars  \
0            3811251.60            142049.0         5101919.51   
1            3804041.22            160247.0         4819073.49   
2            3418303.68            187140.0         4538120.60   
3            3261197.94            200412.0         4475972.88   
4            3023206.01            135838.0         4223107.62   

   TotalSalesPrice  TotalExciseTax  FreightCost  
0        672819.31       260999.20     68601.68  
1        561512.37       294438.66    144929.24  
2        461140.15       343854.07    123780.22  
3        420050.01       368242.80    257032.07  
4        545778.28       249587.83    257032.07  
2025-12-28 17:18:47,050 - INFO - Cleaning Data...
2025-12-28 17:18:47,053 - INFO -    VendorNumber                VendorName  Brand              Description  \
0          1128         BROWN-FORMAN CORP   1233  Jack Daniels No 7 Black   
1          4425     MARTIGNETTI COMPANIES   3405    Tito's Handmade Vodka   
2         17035         PERNOD RICARD USA   8068         Absolut 80 Proof   
3          3960  DIAGEO NORTH AMERICA INC   4261   Capt Morgan Spiced Rum   
4          3960  DIAGEO NORTH AMERICA INC   3545          Ketel One Vodka   

   PurchasePrice  ActualPrice  Volume  TotalPurchaseQuantity  \
0          26.27        36.99  1750.0                 145080   
1          23.19        28.99  1750.0                 164038   
2          18.24        24.99  1750.0                 187407   
3          16.17        22.99  1750.0                 201682   
4          21.89        29.99  1750.0                 138109   

   TotalPurchaseDollars  TotalSalesQuantity  TotalSalesDollars  \
0            3811251.60            142049.0         5101919.51   
1            3804041.22            160247.0         4819073.49   
2            3418303.68            187140.0         4538120.60   
3            3261197.94            200412.0         4475972.88   
4            3023206.01            135838.0         4223107.62   

   TotalSalesPrice  TotalExciseTax  FreightCost  GrossProfit  ProfitMargin  \
0        672819.31       260999.20     68601.68   1290667.91     25.297693   
1        561512.37       294438.66    144929.24   1015032.27     21.062810   
2        461140.15       343854.07    123780.22   1119816.92     24.675786   
3        420050.01       368242.80    257032.07   1214774.94     27.139908   
4        545778.28       249587.83    257032.07   1199901.61     28.412764   

   StockTurnover  SalesToPurchaseRatio  
0       0.979108              1.338647  
1       0.976890              1.266830  
2       0.998575              1.327594  
3       0.993703              1.372493  
4       0.983556              1.396897  
2025-12-28 17:18:47,054 - INFO - Ingesting data...
2025-12-28 17:18:47,069 - INFO - Completed successfully
2025-12-28 17:19:10,840 - INFO - Creating Vendor Summary Table...
2025-12-28 17:19:18,853 - INFO - Vendor summary created in 8.01 seconds
2025-12-28 17:19:18,853 - INFO -    VendorNumber                   VendorName  Brand              Description  PurchasePrice  ...  TotalSalesQuantity TotalSalesDollars  TotalSalesPrice  TotalExciseTax  FreightCost
0          1128  BROWN-FORMAN CORP             1233  Jack Daniels No 7 Black          26.27  ...            142049.0        5101919.51        672819.31       260999.20     68601.68
1          4425        MARTIGNETTI COMPANIES   3405    Tito's Handmade Vodka          23.19  ...            160247.0        4819073.49        561512.37       294438.66    144929.24
2         17035  PERNOD RICARD USA             8068         Absolut 80 Proof          18.24  ...            187140.0        4538120.60        461140.15       343854.07    123780.22
3          3960  DIAGEO NORTH AMERICA INC      4261   Capt Morgan Spiced Rum          16.17  ...            200412.0        4475972.88        420050.01       368242.80    257032.07
4          3960  DIAGEO NORTH AMERICA INC      3545          Ketel One Vodka          21.89  ...            135838.0        4223107.62        545778.28       249587.83    257032.07

[5 rows x 14 columns]
2025-12-28 17:19:18,860 - INFO - Cleaning Data...
2025-12-28 17:19:18,862 - INFO -    VendorNumber                VendorName  Brand              Description  PurchasePrice  ...  FreightCost  GrossProfit  ProfitMargin  StockTurnover  SalesToPurchaseRatio
0          1128         BROWN-FORMAN CORP   1233  Jack Daniels No 7 Black          26.27  ...     68601.68   1290667.91     25.297693       0.979108              1.338647
1          4425     MARTIGNETTI COMPANIES   3405    Tito's Handmade Vodka          23.19  ...    144929.24   1015032.27     21.062810       0.976890              1.266830
2         17035         PERNOD RICARD USA   8068         Absolut 80 Proof          18.24  ...    123780.22   1119816.92     24.675786       0.998575              1.327594
3          3960  DIAGEO NORTH AMERICA INC   4261   Capt Morgan Spiced Rum          16.17  ...    257032.07   1214774.94     27.139908       0.993703              1.372493
4          3960  DIAGEO NORTH AMERICA INC   3545          Ketel One Vodka          21.89  ...    257032.07   1199901.61     28.412764       0.983556              1.396897

[5 rows x 18 columns]
2025-12-28 17:19:18,866 - INFO - Ingesting data...
2025-12-28 17:19:18,882 - INFO - Completed successfully
2025-12-28 17:20:23,171 - INFO - Creating Vendor Summary Table...
2025-12-28 17:20:31,197 - INFO - Vendor summary created in 8.03 seconds
2025-12-28 17:20:31,198 - INFO -    VendorNumber                   VendorName  Brand              Description  \
0          1128  BROWN-FORMAN CORP             1233  Jack Daniels No 7 Black   
1          4425        MARTIGNETTI COMPANIES   3405    Tito's Handmade Vodka   
2         17035  PERNOD RICARD USA             8068         Absolut 80 Proof   
3          3960  DIAGEO NORTH AMERICA INC      4261   Capt Morgan Spiced Rum   
4          3960  DIAGEO NORTH AMERICA INC      3545          Ketel One Vodka   

   PurchasePrice  ActualPrice Volume  TotalPurchaseQuantity  \
0          26.27        36.99   1750                 145080   
1          23.19        28.99   1750                 164038   
2          18.24        24.99   1750                 187407   
3          16.17        22.99   1750                 201682   
4          21.89        29.99   1750                 138109   

   TotalPurchaseDollars  TotalSalesQuantity  TotalSalesDollars  \
0            3811251.60            142049.0         5101919.51   
1            3804041.22            160247.0         4819073.49   
2            3418303.68            187140.0         4538120.60   
3            3261197.94            200412.0         4475972.88   
4            3023206.01            135838.0         4223107.62   

   TotalSalesPrice  TotalExciseTax  FreightCost  
0        672819.31       260999.20     68601.68  
1        561512.37       294438.66    144929.24  
2        461140.15       343854.07    123780.22  
3        420050.01       368242.80    257032.07  
4        545778.28       249587.83    257032.07  
2025-12-28 17:20:31,199 - INFO - Cleaning Data...
2025-12-28 17:20:31,202 - INFO -    VendorNumber                VendorName  Brand              Description  \
0          1128         BROWN-FORMAN CORP   1233  Jack Daniels No 7 Black   
1          4425     MARTIGNETTI COMPANIES   3405    Tito's Handmade Vodka   
2         17035         PERNOD RICARD USA   8068         Absolut 80 Proof   
3          3960  DIAGEO NORTH AMERICA INC   4261   Capt Morgan Spiced Rum   
4          3960  DIAGEO NORTH AMERICA INC   3545          Ketel One Vodka   

   PurchasePrice  ActualPrice  Volume  TotalPurchaseQuantity  \
0          26.27        36.99  1750.0                 145080   
1          23.19        28.99  1750.0                 164038   
2          18.24        24.99  1750.0                 187407   
3          16.17        22.99  1750.0                 201682   
4          21.89        29.99  1750.0                 138109   

   TotalPurchaseDollars  TotalSalesQuantity  TotalSalesDollars  \
0            3811251.60            142049.0         5101919.51   
1            3804041.22            160247.0         4819073.49   
2            3418303.68            187140.0         4538120.60   
3            3261197.94            200412.0         4475972.88   
4            3023206.01            135838.0         4223107.62   

   TotalSalesPrice  TotalExciseTax  FreightCost  GrossProfit  ProfitMargin  \
0        672819.31       260999.20     68601.68   1290667.91     25.297693   
1        561512.37       294438.66    144929.24   1015032.27     21.062810   
2        461140.15       343854.07    123780.22   1119816.92     24.675786   
3        420050.01       368242.80    257032.07   1214774.94     27.139908   
4        545778.28       249587.83    257032.07   1199901.61     28.412764   

   StockTurnover  SalesToPurchaseRatio  
0       0.979108              1.338647  
1       0.976890              1.266830  
2       0.998575              1.327594  
3       0.993703              1.372493  
4       0.983556              1.396897  
2025-12-28 17:20:31,203 - INFO - Ingesting data...
2025-12-28 17:20:31,218 - INFO - Completed successfully
